2025-01-11 14:26:44,088 - INFO - Remove script...
2025-01-11 14:27:25,624 - INFO - Remove agent script executed successfully.
2025-01-11 14:27:25,625 - INFO - Waiting for 60 seconds to ensure system services are ready...
2025-01-11 14:27:30,637 - INFO - Running mode processor script...
2025-01-11 14:27:36,295 - INFO - Mode processor script executed successfully.
2025-01-11 14:27:41,309 - INFO - Running interrupt detection script...
2025-01-12 13:38:14,015 - INFO - Remove script...
2025-01-12 13:38:59,845 - INFO - Remove agent script executed successfully.
2025-01-12 13:38:59,845 - INFO - Waiting for 60 seconds to ensure system services are ready...
2025-01-12 13:38:59,846 - INFO - Synchcode executed...
2025-01-12 13:52:50,483 - INFO - Remove script...
2025-01-12 13:53:31,418 - INFO - Remove agent script executed successfully.
2025-01-12 13:53:31,418 - INFO - Waiting for 60 seconds to ensure system services are ready...
2025-01-12 13:53:31,418 - INFO - Synchcode executed...
2025-01-12 14:07:13,433 - INFO - Remove script...
2025-01-12 14:08:00,374 - INFO - Remove agent script executed successfully.
2025-01-12 14:08:00,374 - INFO - Waiting for 60 seconds to ensure system services are ready...
2025-01-12 14:08:00,374 - INFO - Synchcode executed...
2025-01-12 14:22:09,250 - INFO - Remove script...
2025-01-12 14:22:51,619 - INFO - Remove agent script executed successfully.
2025-01-12 14:22:51,619 - INFO - Waiting for 60 seconds to ensure system services are ready...
2025-01-12 14:22:51,619 - INFO - Synchcode executed...
2025-01-12 14:32:02,789 - ERROR - SSH_AUTH_SOCK is not set. Ensure the SSH agent is running.
2025-01-12 14:47:06,810 - ERROR - SSH_AUTH_SOCK is not set. Ensure the SSH agent is running.
2025-01-12 14:55:57,970 - ERROR - SSH_AUTH_SOCK is not set. Ensure the SSH agent is running.
2025-01-13 09:55:03,881 - INFO - Remove script...
2025-01-13 09:55:38,993 - INFO - Remove agent script executed successfully.
2025-01-13 09:55:38,993 - INFO - Waiting for 60 seconds to ensure system services are ready...
2025-01-13 09:55:38,993 - INFO - Synchcode executed...
2025-01-13 09:59:40,793 - INFO - Remove script...
2025-01-13 10:00:12,921 - INFO - Remove agent script executed successfully.
2025-01-13 10:00:12,921 - INFO - Waiting for 60 seconds to ensure system services are ready...
2025-01-13 10:00:12,921 - INFO - Synchcode executed...
2025-01-13 10:24:37,344 - INFO - Remove script...
2025-01-13 10:25:10,549 - INFO - Remove agent script executed successfully.
2025-01-13 10:25:10,549 - INFO - Waiting for 60 seconds to ensure system services are ready...
2025-01-13 10:25:10,606 - INFO - Synchcode executed...
2025-01-18 05:41:54,442 - INFO - Remove script...
2025-01-18 05:42:29,447 - INFO - Remove agent script executed successfully.
2025-01-18 05:42:29,447 - INFO - Waiting for 60 seconds to ensure system services are ready...
2025-01-18 05:42:34,450 - INFO - Running mode processor script...
2025-01-18 05:43:34,304 - INFO - Mode processor script executed successfully.
2025-01-18 05:43:39,310 - INFO - Running interrupt detection script...
2025-01-18 17:17:07,461 - INFO - Remove script...
2025-01-18 18:06:50,715 - INFO - Remove agent script executed successfully.
2025-01-18 18:06:50,716 - INFO - Waiting for 60 seconds to ensure system services are ready...
2025-01-18 18:06:55,721 - INFO - Running mode processor script...
2025-01-18 18:07:54,349 - INFO - Mode processor script executed successfully.
2025-01-18 18:07:59,355 - INFO - Running interrupt detection script...
2025-01-18 19:17:08,047 - INFO - Remove script...
2025-01-18 20:15:47,246 - INFO - Remove agent script executed successfully.
2025-01-18 20:15:47,246 - INFO - Waiting for 60 seconds to ensure system services are ready...
2025-01-18 20:15:52,252 - INFO - Running mode processor script...
2025-01-18 20:16:17,418 - INFO - Mode processor script executed successfully.
2025-01-18 20:16:22,420 - INFO - Running interrupt detection script...
2025-01-18 22:42:15,898 - INFO - Remove script...
2025-01-21 16:06:39,300 - INFO - Remove agent script executed successfully.
2025-01-21 16:06:39,300 - INFO - Waiting for 60 seconds to ensure system services are ready...
2025-01-21 16:06:44,305 - INFO - Running mode processor script...
2025-01-21 16:07:57,789 - INFO - Mode processor script executed successfully.
2025-01-21 16:08:02,793 - INFO - Running interrupt detection script...
2025-01-21 18:18:29,005 - INFO - Remove script...
2025-01-23 16:06:50,908 - INFO - Remove agent script executed successfully.
2025-01-23 16:06:50,909 - INFO - Running mode processor script...
